2025-12-27 16:09:00 | WARN | repo=pv243-2015-security-seminar | action=commit
2025-05-01 12:03:00 | INFO | repo=pv243-2015-security-seminar | action=commit
2025-01-08 09:58:00 | WARN | repo=pv243-2015-security-seminar | action=commit
2025-11-18 20:02:00 | DEBUG | repo=pv243-2015-security-seminar | action=commit
2025-04-24 20:38:00 | DEBUG | repo=pv243-2015-security-seminar | action=pull
2025-11-09 16:07:00 | WARN | repo=pv243-2015-security-seminar | action=test | passed=true
2025-07-09 19:09:00 | WARN | repo=pv243-2015-security-seminar | action=commit
2025-07-26 19:35:00 | DEBUG | repo=pv243-2015-security-seminar | action=test | passed=true
2025-08-27 07:05:00 | WARN | repo=pv243-2015-security-seminar | action=commit
2025-03-13 16:26:00 | INFO | repo=pv243-2015-security-seminar | action=commit
2025-07-01 15:16:00 | INFO | repo=pv243-2015-security-seminar | action=commit
2025-07-24 13:02:00 | DEBUG | repo=pv243-2015-security-seminar | action=commit
2025-06-06 17:55:00 | INFO | repo=pv243-2015-security-seminar | action=commit
2025-05-27 20:57:00 | INFO | repo=pv243-2015-security-seminar | action=commit
2025-02-03 18:31:00 | DEBUG | repo=pv243-2015-security-seminar | action=commit
2025-05-03 07:28:00 | DEBUG | repo=pv243-2015-security-seminar | action=commit
2025-10-28 16:37:00 | INFO | repo=pv243-2015-security-seminar | action=commit
2025-07-20 19:52:00 | WARN | repo=pv243-2015-security-seminar | action=test | passed=true
2025-03-28 13:32:00 | DEBUG | repo=pv243-2015-security-seminar | action=commit
2025-12-09 12:10:00 | INFO | repo=pv243-2015-security-seminar | action=commit
2025-04-01 12:38:00 | INFO | repo=pv243-2015-security-seminar | action=commit
2025-08-13 12:17:00 | DEBUG | repo=pv243-2015-security-seminar | action=pull
2025-03-14 17:13:00 | DEBUG | repo=pv243-2015-security-seminar | action=commit
2025-12-21 20:25:00 | WARN | repo=pv243-2015-security-seminar | action=commit
2025-01-21 20:19:00 | WARN | repo=pv243-2015-security-seminar | action=edit | files=4
2025-12-19 11:51:00 | WARN | repo=pv243-2015-security-seminar | action=commit
2025-07-05 19:44:00 | DEBUG | repo=pv243-2015-security-seminar | action=commit
2025-02-15 13:49:00 | INFO | repo=pv243-2015-security-seminar | action=commit
2025-07-02 18:48:00 | DEBUG | repo=pv243-2015-security-seminar | action=commit
